<?xml version="1.0" encoding="UTF-8"?><testsuite errors="0" failures="0" name="com.bestbuy.bookinginfo.ProductCRUDTestWithSteps" skipped="0" tests="4" time="5.93" timestamp="2023-06-06T08:00:06.339+01:00[Europe/London]"><testcase classname="com.bestbuy.bookinginfo.ProductCRUDTestWithSteps" name="This will create a new product"/><testcase classname="com.bestbuy.bookinginfo.ProductCRUDTestWithSteps" name="Verify that product has been added to the application"/><testcase classname="com.bestbuy.bookinginfo.ProductCRUDTestWithSteps" name="Update the Product information and verify the created product is updated"/><testcase classname="com.bestbuy.bookinginfo.ProductCRUDTestWithSteps" name="Delete the Product and verify if the Product is deleted!"/></testsuite>